-------------------------------------------------------------------------------
Test set: org.example.Test2
-------------------------------------------------------------------------------
Tests run: 1, Failures: 1, Errors: 0, Skipped: 0, Time elapsed: 20.768 s <<< FAILURE! - in org.example.Test2
test2  Time elapsed: 19.906 s  <<< FAILURE!
org.opentest4j.AssertionFailedError: expected: <true> but was: <false>
	at org.example.Test2.test2(Test2.java:23)

