<?xml version="1.0" encoding="UTF-8"?>
<testsuite xmlns:xsi="http://www.w3.org/2001/XMLSchema-instance" xsi:noNamespaceSchemaLocation="https://maven.apache.org/surefire/maven-surefire-plugin/xsd/surefire-test-report.xsd" name="org.example.Test2" time="20.768" tests="1" errors="0" skipped="0" failures="1">
  <properties>
[...]
</properties>
  <testcase name="test2" classname="org.example.Test2" time="19.906">
    <failure message="expected: &lt;true&gt; but was: &lt;false&gt;" type="org.opentest4j.AssertionFailedError"><![CDATA[org.opentest4j.AssertionFailedError: expected: <true> but was: <false>
	at org.example.Test2.test2(Test2.java:23)
]]></failure>
    <system-out><![CDATA[00:16:48.785 [main] DEBUG io.github.bonigarcia.wdm.cache.ResolutionCache - Resolution chrome=99 in cache (valid until 01:07:26 14/03/2022 MSK)
00:16:48.785 [main] DEBUG io.github.bonigarcia.wdm.cache.ResolutionCache - Resolution chrome99=99.0.4844.51 in cache (valid until 23:03:06 14/03/2022 MSK)
00:16:48.785 [main] INFO io.github.bonigarcia.wdm.WebDriverManager - Using chromedriver 99.0.4844.51 (resolved driver for Chrome 99)
00:16:48.801 [main] DEBUG io.github.bonigarcia.wdm.WebDriverManager - Driver chromedriver 99.0.4844.51 found in cache
00:16:48.801 [main] INFO io.github.bonigarcia.wdm.WebDriverManager - Exporting webdriver.chrome.driver as C:\Users\Anast\.cache\selenium\chromedriver\win32\99.0.4844.51\chromedriver.exe
00:16:48.907 [AsyncHttpClient-1-5] DEBUG org.asynchttpclient.netty.channel.NettyConnectListener - Using new Channel '[id: 0x6b290392, L:/127.0.0.1:53678 - R:localhost/127.0.0.1:53287]' for 'POST' to '/session'
00:16:49.455 [AsyncHttpClient-1-5] DEBUG org.asynchttpclient.netty.handler.HttpHandler - 

Request DefaultHttpRequest(decodeResult: success, version: HTTP/1.1)
POST /session HTTP/1.1
User-Agent: selenium/4.0.0 (java windows)
Content-Length: 543
Content-Type: application/json; charset=utf-8
host: localhost:53287
accept: */*

Response DefaultHttpResponse(decodeResult: success, version: HTTP/1.1)
HTTP/1.1 200 OK
Content-Type: application/json; charset=utf-8
cache-control: no-cache
content-length: 788

00:16:49.464 [AsyncHttpClient-1-5] DEBUG org.asynchttpclient.netty.channel.ChannelManager - Adding key: http://localhost:53287 for channel [id: 0x6b290392, L:/127.0.0.1:53678 - R:localhost/127.0.0.1:53287]
00:16:49.474 [AsyncHttpClient-1-6] DEBUG org.asynchttpclient.netty.channel.NettyConnectListener - Using new Channel '[id: 0x91f24ec9, L:/127.0.0.1:53685 - R:localhost/127.0.0.1:53679]' for 'GET' to '/json/version'
00:16:49.482 [AsyncHttpClient-1-6] DEBUG org.asynchttpclient.netty.handler.HttpHandler - 

Request DefaultFullHttpRequest(decodeResult: success, version: HTTP/1.1, content: EmptyByteBufBE)
GET /json/version HTTP/1.1
User-Agent: selenium/4.0.0 (java windows)
host: localhost:53679
accept: */*

Response DefaultHttpResponse(decodeResult: success, version: HTTP/1.1)
HTTP/1.1 200 OK
Content-Type: application/json; charset=UTF-8
content-length: 423

00:16:49.482 [AsyncHttpClient-1-6] DEBUG org.asynchttpclient.netty.channel.ChannelManager - Adding key: http://localhost:53679 for channel [id: 0x91f24ec9, L:/127.0.0.1:53685 - R:localhost/127.0.0.1:53679]
00:16:49.490 [AsyncHttpClient-1-7] DEBUG org.asynchttpclient.netty.channel.NettyConnectListener - Using new Channel '[id: 0xeba5ac95, L:/127.0.0.1:53686 - R:localhost/127.0.0.1:53679]' for 'GET' to '/devtools/browser/547f9200-8f87-4c07-889a-c68bcd4d46e1'
00:16:49.498 [AsyncHttpClient-1-7] DEBUG org.asynchttpclient.netty.handler.WebSocketHandler - 

Request DefaultFullHttpRequest(decodeResult: success, version: HTTP/1.1, content: EmptyByteBufBE)
GET /devtools/browser/547f9200-8f87-4c07-889a-c68bcd4d46e1 HTTP/1.1
upgrade: websocket
connection: upgrade
sec-websocket-key: x5poIwW905PpqvlsDSSYZQ==
sec-websocket-version: 13
origin: http://localhost:53679
host: localhost:53679
accept: */*
user-agent: AHC/2.1

Response DefaultHttpResponse(decodeResult: success, version: HTTP/1.1)
HTTP/1.1 101 WebSocket Protocol Handshake
Upgrade: WebSocket
Connection: Upgrade
Sec-WebSocket-Accept: 59kV7357/RasRjWooJYr1I7n9PM=

00:16:49.504 [Forwarding setTimeout on session b54cee2aa7ae83da144e2eb0dc8a00b6 to remote] DEBUG org.asynchttpclient.netty.request.NettyRequestSender - Using pooled Channel '[id: 0x6b290392, L:/127.0.0.1:53678 - R:localhost/127.0.0.1:53287]' for 'POST' to 'http://localhost:53287/session/b54cee2aa7ae83da144e2eb0dc8a00b6/timeouts'
00:16:49.504 [Forwarding setTimeout on session b54cee2aa7ae83da144e2eb0dc8a00b6 to remote] DEBUG org.asynchttpclient.netty.request.NettyRequestSender - Using open Channel [id: 0x6b290392, L:/127.0.0.1:53678 - R:localhost/127.0.0.1:53287] for POST '/session/b54cee2aa7ae83da144e2eb0dc8a00b6/timeouts'
00:16:49.504 [AsyncHttpClient-1-5] DEBUG org.asynchttpclient.netty.handler.HttpHandler - 

Request DefaultHttpRequest(decodeResult: success, version: HTTP/1.1)
POST /session/b54cee2aa7ae83da144e2eb0dc8a00b6/timeouts HTTP/1.1
User-Agent: selenium/4.0.0 (java windows)
Content-Length: 22
Content-Type: application/json; charset=utf-8
host: localhost:53287
accept: */*

Response DefaultHttpResponse(decodeResult: success, version: HTTP/1.1)
HTTP/1.1 200 OK
Content-Type: application/json; charset=utf-8
cache-control: no-cache
content-length: 14

00:16:49.504 [AsyncHttpClient-1-5] DEBUG org.asynchttpclient.netty.channel.ChannelManager - Adding key: http://localhost:53287 for channel [id: 0x6b290392, L:/127.0.0.1:53678 - R:localhost/127.0.0.1:53287]
00:16:49.511 [Forwarding get on session b54cee2aa7ae83da144e2eb0dc8a00b6 to remote] DEBUG org.asynchttpclient.netty.request.NettyRequestSender - Using pooled Channel '[id: 0x6b290392, L:/127.0.0.1:53678 - R:localhost/127.0.0.1:53287]' for 'POST' to 'http://localhost:53287/session/b54cee2aa7ae83da144e2eb0dc8a00b6/url'
00:16:49.511 [Forwarding get on session b54cee2aa7ae83da144e2eb0dc8a00b6 to remote] DEBUG org.asynchttpclient.netty.request.NettyRequestSender - Using open Channel [id: 0x6b290392, L:/127.0.0.1:53678 - R:localhost/127.0.0.1:53287] for POST '/session/b54cee2aa7ae83da144e2eb0dc8a00b6/url'
00:16:49.770 [AsyncHttpClient-1-1] DEBUG org.asynchttpclient.netty.channel.DefaultChannelPool - Entry count for : http://localhost:53679 : 1
00:16:49.770 [AsyncHttpClient-1-1] DEBUG org.asynchttpclient.netty.channel.DefaultChannelPool - Entry count for : http://localhost:56655 : 1
00:16:49.770 [AsyncHttpClient-1-1] DEBUG org.asynchttpclient.netty.channel.DefaultChannelPool - Adding Candidate expired Channel [id: 0xd508ae7e, L:/127.0.0.1:53619 ! R:localhost/127.0.0.1:56655] isIdleTimeoutExpired=false isRemotelyClosed=true isTtlExpired=false
00:16:49.770 [AsyncHttpClient-1-1] DEBUG org.asynchttpclient.netty.channel.DefaultChannelPool - Closing Idle Channel [id: 0xd508ae7e, L:/127.0.0.1:53619 ! R:localhost/127.0.0.1:56655]
00:16:49.770 [AsyncHttpClient-1-1] DEBUG org.asynchttpclient.netty.channel.DefaultChannelPool - Closed 1 connections out of 2 in 0 ms
00:16:50.871 [AsyncHttpClient-1-1] DEBUG org.asynchttpclient.netty.channel.DefaultChannelPool - Entry count for : http://localhost:53679 : 1
00:16:51.965 [AsyncHttpClient-1-1] DEBUG org.asynchttpclient.netty.channel.DefaultChannelPool - Entry count for : http://localhost:53679 : 1
00:16:53.069 [AsyncHttpClient-1-1] DEBUG org.asynchttpclient.netty.channel.DefaultChannelPool - Entry count for : http://localhost:53679 : 1
00:16:54.164 [AsyncHttpClient-1-1] DEBUG org.asynchttpclient.netty.channel.DefaultChannelPool - Entry count for : http://localhost:53679 : 1
00:16:54.461 [AsyncHttpClient-1-5] DEBUG org.asynchttpclient.netty.handler.HttpHandler - 

Request DefaultHttpRequest(decodeResult: success, version: HTTP/1.1)
POST /session/b54cee2aa7ae83da144e2eb0dc8a00b6/url HTTP/1.1
User-Agent: selenium/4.0.0 (java windows)
Content-Length: 52
Content-Type: application/json; charset=utf-8
host: localhost:53287
accept: */*

Response DefaultHttpResponse(decodeResult: success, version: HTTP/1.1)
HTTP/1.1 200 OK
Content-Type: application/json; charset=utf-8
cache-control: no-cache
content-length: 14

00:16:54.461 [AsyncHttpClient-1-5] DEBUG org.asynchttpclient.netty.channel.ChannelManager - Adding key: http://localhost:53287 for channel [id: 0x6b290392, L:/127.0.0.1:53678 - R:localhost/127.0.0.1:53287]
00:16:54.469 [Forwarding findElement on session b54cee2aa7ae83da144e2eb0dc8a00b6 to remote] DEBUG org.asynchttpclient.netty.request.NettyRequestSender - Using pooled Channel '[id: 0x6b290392, L:/127.0.0.1:53678 - R:localhost/127.0.0.1:53287]' for 'POST' to 'http://localhost:53287/session/b54cee2aa7ae83da144e2eb0dc8a00b6/element'
00:16:54.469 [Forwarding findElement on session b54cee2aa7ae83da144e2eb0dc8a00b6 to remote] DEBUG org.asynchttpclient.netty.request.NettyRequestSender - Using open Channel [id: 0x6b290392, L:/127.0.0.1:53678 - R:localhost/127.0.0.1:53287] for POST '/session/b54cee2aa7ae83da144e2eb0dc8a00b6/element'
00:16:54.487 [AsyncHttpClient-1-5] DEBUG org.asynchttpclient.netty.handler.HttpHandler - 

Request DefaultHttpRequest(decodeResult: success, version: HTTP/1.1)
POST /session/b54cee2aa7ae83da144e2eb0dc8a00b6/element HTTP/1.1
User-Agent: selenium/4.0.0 (java windows)
Content-Length: 200
Content-Type: application/json; charset=utf-8
host: localhost:53287
accept: */*

Response DefaultHttpResponse(decodeResult: success, version: HTTP/1.1)
HTTP/1.1 200 OK
Content-Type: application/json; charset=utf-8
cache-control: no-cache
content-length: 88

00:16:54.487 [AsyncHttpClient-1-5] DEBUG org.asynchttpclient.netty.channel.ChannelManager - Adding key: http://localhost:53287 for channel [id: 0x6b290392, L:/127.0.0.1:53678 - R:localhost/127.0.0.1:53287]
00:16:54.487 [Forwarding clickElement on session b54cee2aa7ae83da144e2eb0dc8a00b6 to remote] DEBUG org.asynchttpclient.netty.request.NettyRequestSender - Using pooled Channel '[id: 0x6b290392, L:/127.0.0.1:53678 - R:localhost/127.0.0.1:53287]' for 'POST' to 'http://localhost:53287/session/b54cee2aa7ae83da144e2eb0dc8a00b6/element/b3d2cc00-6429-4e18-ab44-7430d76b74ef/click'
00:16:54.487 [Forwarding clickElement on session b54cee2aa7ae83da144e2eb0dc8a00b6 to remote] DEBUG org.asynchttpclient.netty.request.NettyRequestSender - Using open Channel [id: 0x6b290392, L:/127.0.0.1:53678 - R:localhost/127.0.0.1:53287] for POST '/session/b54cee2aa7ae83da144e2eb0dc8a00b6/element/b3d2cc00-6429-4e18-ab44-7430d76b74ef/click'
00:16:55.269 [AsyncHttpClient-1-1] DEBUG org.asynchttpclient.netty.channel.DefaultChannelPool - Entry count for : http://localhost:53679 : 1
00:16:56.365 [AsyncHttpClient-1-1] DEBUG org.asynchttpclient.netty.channel.DefaultChannelPool - Entry count for : http://localhost:53679 : 1
00:16:57.466 [AsyncHttpClient-1-1] DEBUG org.asynchttpclient.netty.channel.DefaultChannelPool - Entry count for : http://localhost:53679 : 1
00:16:58.565 [AsyncHttpClient-1-1] DEBUG org.asynchttpclient.netty.channel.DefaultChannelPool - Entry count for : http://localhost:53679 : 1
00:16:59.664 [AsyncHttpClient-1-1] DEBUG org.asynchttpclient.netty.channel.DefaultChannelPool - Entry count for : http://localhost:53679 : 1
00:17:00.498 [AsyncHttpClient-1-5] DEBUG org.asynchttpclient.netty.handler.HttpHandler - 

Request DefaultHttpRequest(decodeResult: success, version: HTTP/1.1)
POST /session/b54cee2aa7ae83da144e2eb0dc8a00b6/element/b3d2cc00-6429-4e18-ab44-7430d76b74ef/click HTTP/1.1
User-Agent: selenium/4.0.0 (java windows)
Content-Length: 50
Content-Type: application/json; charset=utf-8
host: localhost:53287
accept: */*

Response DefaultHttpResponse(decodeResult: success, version: HTTP/1.1)
HTTP/1.1 200 OK
Content-Type: application/json; charset=utf-8
cache-control: no-cache
content-length: 14

00:17:00.498 [AsyncHttpClient-1-5] DEBUG org.asynchttpclient.netty.channel.ChannelManager - Adding key: http://localhost:53287 for channel [id: 0x6b290392, L:/127.0.0.1:53678 - R:localhost/127.0.0.1:53287]
00:17:00.498 [Forwarding findElement on session b54cee2aa7ae83da144e2eb0dc8a00b6 to remote] DEBUG org.asynchttpclient.netty.request.NettyRequestSender - Using pooled Channel '[id: 0x6b290392, L:/127.0.0.1:53678 - R:localhost/127.0.0.1:53287]' for 'POST' to 'http://localhost:53287/session/b54cee2aa7ae83da144e2eb0dc8a00b6/element'
00:17:00.498 [Forwarding findElement on session b54cee2aa7ae83da144e2eb0dc8a00b6 to remote] DEBUG org.asynchttpclient.netty.request.NettyRequestSender - Using open Channel [id: 0x6b290392, L:/127.0.0.1:53678 - R:localhost/127.0.0.1:53287] for POST '/session/b54cee2aa7ae83da144e2eb0dc8a00b6/element'
00:17:00.514 [AsyncHttpClient-1-5] DEBUG org.asynchttpclient.netty.handler.HttpHandler - 

Request DefaultHttpRequest(decodeResult: success, version: HTTP/1.1)
POST /session/b54cee2aa7ae83da144e2eb0dc8a00b6/element HTTP/1.1
User-Agent: selenium/4.0.0 (java windows)
Content-Length: 121
Content-Type: application/json; charset=utf-8
host: localhost:53287
accept: */*

Response DefaultHttpResponse(decodeResult: success, version: HTTP/1.1)
HTTP/1.1 200 OK
Content-Type: application/json; charset=utf-8
cache-control: no-cache
content-length: 88

00:17:00.514 [AsyncHttpClient-1-5] DEBUG org.asynchttpclient.netty.channel.ChannelManager - Adding key: http://localhost:53287 for channel [id: 0x6b290392, L:/127.0.0.1:53678 - R:localhost/127.0.0.1:53287]
00:17:00.514 [Forwarding clickElement on session b54cee2aa7ae83da144e2eb0dc8a00b6 to remote] DEBUG org.asynchttpclient.netty.request.NettyRequestSender - Using pooled Channel '[id: 0x6b290392, L:/127.0.0.1:53678 - R:localhost/127.0.0.1:53287]' for 'POST' to 'http://localhost:53287/session/b54cee2aa7ae83da144e2eb0dc8a00b6/element/dc2d1018-1c9b-4b1d-b975-0b4700945c38/click'
00:17:00.514 [Forwarding clickElement on session b54cee2aa7ae83da144e2eb0dc8a00b6 to remote] DEBUG org.asynchttpclient.netty.request.NettyRequestSender - Using open Channel [id: 0x6b290392, L:/127.0.0.1:53678 - R:localhost/127.0.0.1:53287] for POST '/session/b54cee2aa7ae83da144e2eb0dc8a00b6/element/dc2d1018-1c9b-4b1d-b975-0b4700945c38/click'
00:17:00.765 [AsyncHttpClient-1-1] DEBUG org.asynchttpclient.netty.channel.DefaultChannelPool - Entry count for : http://localhost:53679 : 1
00:17:01.868 [AsyncHttpClient-1-1] DEBUG org.asynchttpclient.netty.channel.DefaultChannelPool - Entry count for : http://localhost:53679 : 1
00:17:02.964 [AsyncHttpClient-1-1] DEBUG org.asynchttpclient.netty.channel.DefaultChannelPool - Entry count for : http://localhost:53679 : 1
00:17:04.066 [AsyncHttpClient-1-1] DEBUG org.asynchttpclient.netty.channel.DefaultChannelPool - Entry count for : http://localhost:53679 : 1
00:17:05.177 [AsyncHttpClient-1-1] DEBUG org.asynchttpclient.netty.channel.DefaultChannelPool - Entry count for : http://localhost:53679 : 1
00:17:06.162 [AsyncHttpClient-1-5] DEBUG org.asynchttpclient.netty.handler.HttpHandler - 

Request DefaultHttpRequest(decodeResult: success, version: HTTP/1.1)
POST /session/b54cee2aa7ae83da144e2eb0dc8a00b6/element/dc2d1018-1c9b-4b1d-b975-0b4700945c38/click HTTP/1.1
User-Agent: selenium/4.0.0 (java windows)
Content-Length: 50
Content-Type: application/json; charset=utf-8
host: localhost:53287
accept: */*

Response DefaultHttpResponse(decodeResult: success, version: HTTP/1.1)
HTTP/1.1 200 OK
Content-Type: application/json; charset=utf-8
cache-control: no-cache
content-length: 14

00:17:06.162 [AsyncHttpClient-1-5] DEBUG org.asynchttpclient.netty.channel.ChannelManager - Adding key: http://localhost:53287 for channel [id: 0x6b290392, L:/127.0.0.1:53678 - R:localhost/127.0.0.1:53287]
00:17:06.162 [Forwarding findElement on session b54cee2aa7ae83da144e2eb0dc8a00b6 to remote] DEBUG org.asynchttpclient.netty.request.NettyRequestSender - Using pooled Channel '[id: 0x6b290392, L:/127.0.0.1:53678 - R:localhost/127.0.0.1:53287]' for 'POST' to 'http://localhost:53287/session/b54cee2aa7ae83da144e2eb0dc8a00b6/element'
00:17:06.162 [Forwarding findElement on session b54cee2aa7ae83da144e2eb0dc8a00b6 to remote] DEBUG org.asynchttpclient.netty.request.NettyRequestSender - Using open Channel [id: 0x6b290392, L:/127.0.0.1:53678 - R:localhost/127.0.0.1:53287] for POST '/session/b54cee2aa7ae83da144e2eb0dc8a00b6/element'
00:17:06.265 [AsyncHttpClient-1-1] DEBUG org.asynchttpclient.netty.channel.DefaultChannelPool - Entry count for : http://localhost:53679 : 1
00:17:06.417 [AsyncHttpClient-1-5] DEBUG org.asynchttpclient.netty.handler.HttpHandler - 

Request DefaultHttpRequest(decodeResult: success, version: HTTP/1.1)
POST /session/b54cee2aa7ae83da144e2eb0dc8a00b6/element HTTP/1.1
User-Agent: selenium/4.0.0 (java windows)
Content-Length: 131
Content-Type: application/json; charset=utf-8
host: localhost:53287
accept: */*

Response DefaultHttpResponse(decodeResult: success, version: HTTP/1.1)
HTTP/1.1 200 OK
Content-Type: application/json; charset=utf-8
cache-control: no-cache
content-length: 88

00:17:06.417 [AsyncHttpClient-1-5] DEBUG org.asynchttpclient.netty.channel.ChannelManager - Adding key: http://localhost:53287 for channel [id: 0x6b290392, L:/127.0.0.1:53678 - R:localhost/127.0.0.1:53287]
00:17:06.417 [Forwarding clickElement on session b54cee2aa7ae83da144e2eb0dc8a00b6 to remote] DEBUG org.asynchttpclient.netty.request.NettyRequestSender - Using pooled Channel '[id: 0x6b290392, L:/127.0.0.1:53678 - R:localhost/127.0.0.1:53287]' for 'POST' to 'http://localhost:53287/session/b54cee2aa7ae83da144e2eb0dc8a00b6/element/3bc444e6-980e-44ce-bd87-cc63676726f5/click'
00:17:06.417 [Forwarding clickElement on session b54cee2aa7ae83da144e2eb0dc8a00b6 to remote] DEBUG org.asynchttpclient.netty.request.NettyRequestSender - Using open Channel [id: 0x6b290392, L:/127.0.0.1:53678 - R:localhost/127.0.0.1:53287] for POST '/session/b54cee2aa7ae83da144e2eb0dc8a00b6/element/3bc444e6-980e-44ce-bd87-cc63676726f5/click'
00:17:06.565 [AsyncHttpClient-1-5] DEBUG org.asynchttpclient.netty.handler.HttpHandler - 

Request DefaultHttpRequest(decodeResult: success, version: HTTP/1.1)
POST /session/b54cee2aa7ae83da144e2eb0dc8a00b6/element/3bc444e6-980e-44ce-bd87-cc63676726f5/click HTTP/1.1
User-Agent: selenium/4.0.0 (java windows)
Content-Length: 50
Content-Type: application/json; charset=utf-8
host: localhost:53287
accept: */*

Response DefaultHttpResponse(decodeResult: success, version: HTTP/1.1)
HTTP/1.1 200 OK
Content-Type: application/json; charset=utf-8
cache-control: no-cache
content-length: 14

00:17:06.565 [AsyncHttpClient-1-5] DEBUG org.asynchttpclient.netty.channel.ChannelManager - Adding key: http://localhost:53287 for channel [id: 0x6b290392, L:/127.0.0.1:53678 - R:localhost/127.0.0.1:53287]
00:17:06.565 [Forwarding findElement on session b54cee2aa7ae83da144e2eb0dc8a00b6 to remote] DEBUG org.asynchttpclient.netty.request.NettyRequestSender - Using pooled Channel '[id: 0x6b290392, L:/127.0.0.1:53678 - R:localhost/127.0.0.1:53287]' for 'POST' to 'http://localhost:53287/session/b54cee2aa7ae83da144e2eb0dc8a00b6/element'
00:17:06.565 [Forwarding findElement on session b54cee2aa7ae83da144e2eb0dc8a00b6 to remote] DEBUG org.asynchttpclient.netty.request.NettyRequestSender - Using open Channel [id: 0x6b290392, L:/127.0.0.1:53678 - R:localhost/127.0.0.1:53287] for POST '/session/b54cee2aa7ae83da144e2eb0dc8a00b6/element'
00:17:06.588 [AsyncHttpClient-1-5] DEBUG org.asynchttpclient.netty.handler.HttpHandler - 

Request DefaultHttpRequest(decodeResult: success, version: HTTP/1.1)
POST /session/b54cee2aa7ae83da144e2eb0dc8a00b6/element HTTP/1.1
User-Agent: selenium/4.0.0 (java windows)
Content-Length: 132
Content-Type: application/json; charset=utf-8
host: localhost:53287
accept: */*

Response DefaultHttpResponse(decodeResult: success, version: HTTP/1.1)
HTTP/1.1 200 OK
Content-Type: application/json; charset=utf-8
cache-control: no-cache
content-length: 88

00:17:06.588 [AsyncHttpClient-1-5] DEBUG org.asynchttpclient.netty.channel.ChannelManager - Adding key: http://localhost:53287 for channel [id: 0x6b290392, L:/127.0.0.1:53678 - R:localhost/127.0.0.1:53287]
00:17:06.590 [Forwarding clickElement on session b54cee2aa7ae83da144e2eb0dc8a00b6 to remote] DEBUG org.asynchttpclient.netty.request.NettyRequestSender - Using pooled Channel '[id: 0x6b290392, L:/127.0.0.1:53678 - R:localhost/127.0.0.1:53287]' for 'POST' to 'http://localhost:53287/session/b54cee2aa7ae83da144e2eb0dc8a00b6/element/46f7c6df-7879-48c1-9451-af7656fff833/click'
00:17:06.590 [Forwarding clickElement on session b54cee2aa7ae83da144e2eb0dc8a00b6 to remote] DEBUG org.asynchttpclient.netty.request.NettyRequestSender - Using open Channel [id: 0x6b290392, L:/127.0.0.1:53678 - R:localhost/127.0.0.1:53287] for POST '/session/b54cee2aa7ae83da144e2eb0dc8a00b6/element/46f7c6df-7879-48c1-9451-af7656fff833/click'
00:17:07.365 [AsyncHttpClient-1-1] DEBUG org.asynchttpclient.netty.channel.DefaultChannelPool - Entry count for : http://localhost:53679 : 1
00:17:08.066 [AsyncHttpClient-1-5] DEBUG org.asynchttpclient.netty.handler.HttpHandler - 

Request DefaultHttpRequest(decodeResult: success, version: HTTP/1.1)
POST /session/b54cee2aa7ae83da144e2eb0dc8a00b6/element/46f7c6df-7879-48c1-9451-af7656fff833/click HTTP/1.1
User-Agent: selenium/4.0.0 (java windows)
Content-Length: 50
Content-Type: application/json; charset=utf-8
host: localhost:53287
accept: */*

Response DefaultHttpResponse(decodeResult: success, version: HTTP/1.1)
HTTP/1.1 200 OK
Content-Type: application/json; charset=utf-8
cache-control: no-cache
content-length: 14

00:17:08.066 [AsyncHttpClient-1-5] DEBUG org.asynchttpclient.netty.channel.ChannelManager - Adding key: http://localhost:53287 for channel [id: 0x6b290392, L:/127.0.0.1:53678 - R:localhost/127.0.0.1:53287]
00:17:08.066 [Forwarding findElement on session b54cee2aa7ae83da144e2eb0dc8a00b6 to remote] DEBUG org.asynchttpclient.netty.request.NettyRequestSender - Using pooled Channel '[id: 0x6b290392, L:/127.0.0.1:53678 - R:localhost/127.0.0.1:53287]' for 'POST' to 'http://localhost:53287/session/b54cee2aa7ae83da144e2eb0dc8a00b6/element'
00:17:08.066 [Forwarding findElement on session b54cee2aa7ae83da144e2eb0dc8a00b6 to remote] DEBUG org.asynchttpclient.netty.request.NettyRequestSender - Using open Channel [id: 0x6b290392, L:/127.0.0.1:53678 - R:localhost/127.0.0.1:53287] for POST '/session/b54cee2aa7ae83da144e2eb0dc8a00b6/element'
00:17:08.466 [AsyncHttpClient-1-1] DEBUG org.asynchttpclient.netty.channel.DefaultChannelPool - Entry count for : http://localhost:53679 : 1
00:17:09.260 [AsyncHttpClient-1-5] DEBUG org.asynchttpclient.netty.handler.HttpHandler - 

Request DefaultHttpRequest(decodeResult: success, version: HTTP/1.1)
POST /session/b54cee2aa7ae83da144e2eb0dc8a00b6/element HTTP/1.1
User-Agent: selenium/4.0.0 (java windows)
Content-Length: 128
Content-Type: application/json; charset=utf-8
host: localhost:53287
accept: */*

Response DefaultHttpResponse(decodeResult: success, version: HTTP/1.1)
HTTP/1.1 200 OK
Content-Type: application/json; charset=utf-8
cache-control: no-cache
content-length: 88

00:17:09.260 [AsyncHttpClient-1-5] DEBUG org.asynchttpclient.netty.channel.ChannelManager - Adding key: http://localhost:53287 for channel [id: 0x6b290392, L:/127.0.0.1:53678 - R:localhost/127.0.0.1:53287]
00:17:09.268 [Forwarding clickElement on session b54cee2aa7ae83da144e2eb0dc8a00b6 to remote] DEBUG org.asynchttpclient.netty.request.NettyRequestSender - Using pooled Channel '[id: 0x6b290392, L:/127.0.0.1:53678 - R:localhost/127.0.0.1:53287]' for 'POST' to 'http://localhost:53287/session/b54cee2aa7ae83da144e2eb0dc8a00b6/element/a9fde61d-0651-44f5-8ab8-3c64323790f0/click'
00:17:09.268 [Forwarding clickElement on session b54cee2aa7ae83da144e2eb0dc8a00b6 to remote] DEBUG org.asynchttpclient.netty.request.NettyRequestSender - Using open Channel [id: 0x6b290392, L:/127.0.0.1:53678 - R:localhost/127.0.0.1:53287] for POST '/session/b54cee2aa7ae83da144e2eb0dc8a00b6/element/a9fde61d-0651-44f5-8ab8-3c64323790f0/click'
00:17:09.337 [AsyncHttpClient-1-5] DEBUG org.asynchttpclient.netty.handler.HttpHandler - 

Request DefaultHttpRequest(decodeResult: success, version: HTTP/1.1)
POST /session/b54cee2aa7ae83da144e2eb0dc8a00b6/element/a9fde61d-0651-44f5-8ab8-3c64323790f0/click HTTP/1.1
User-Agent: selenium/4.0.0 (java windows)
Content-Length: 50
Content-Type: application/json; charset=utf-8
host: localhost:53287
accept: */*

Response DefaultHttpResponse(decodeResult: success, version: HTTP/1.1)
HTTP/1.1 200 OK
Content-Type: application/json; charset=utf-8
cache-control: no-cache
content-length: 14

00:17:09.337 [AsyncHttpClient-1-5] DEBUG org.asynchttpclient.netty.channel.ChannelManager - Adding key: http://localhost:53287 for channel [id: 0x6b290392, L:/127.0.0.1:53678 - R:localhost/127.0.0.1:53287]
00:17:09.352 [Forwarding getCurrentUrl on session b54cee2aa7ae83da144e2eb0dc8a00b6 to remote] DEBUG org.asynchttpclient.netty.request.NettyRequestSender - Using pooled Channel '[id: 0x6b290392, L:/127.0.0.1:53678 - R:localhost/127.0.0.1:53287]' for 'GET' to 'http://localhost:53287/session/b54cee2aa7ae83da144e2eb0dc8a00b6/url'
00:17:09.352 [Forwarding getCurrentUrl on session b54cee2aa7ae83da144e2eb0dc8a00b6 to remote] DEBUG org.asynchttpclient.netty.request.NettyRequestSender - Using open Channel [id: 0x6b290392, L:/127.0.0.1:53678 - R:localhost/127.0.0.1:53287] for GET '/session/b54cee2aa7ae83da144e2eb0dc8a00b6/url'
00:17:09.369 [AsyncHttpClient-1-5] DEBUG org.asynchttpclient.netty.handler.HttpHandler - 

Request DefaultFullHttpRequest(decodeResult: success, version: HTTP/1.1, content: EmptyByteBufBE)
GET /session/b54cee2aa7ae83da144e2eb0dc8a00b6/url HTTP/1.1
User-Agent: selenium/4.0.0 (java windows)
Cache-Control: no-cache
Content-Type: application/json; charset=utf-8
host: localhost:53287
accept: */*

Response DefaultHttpResponse(decodeResult: success, version: HTTP/1.1)
HTTP/1.1 200 OK
Content-Type: application/json; charset=utf-8
cache-control: no-cache
content-length: 48

00:17:09.369 [AsyncHttpClient-1-5] DEBUG org.asynchttpclient.netty.channel.ChannelManager - Adding key: http://localhost:53287 for channel [id: 0x6b290392, L:/127.0.0.1:53678 - R:localhost/127.0.0.1:53287]
00:17:09.369 [Forwarding findElement on session b54cee2aa7ae83da144e2eb0dc8a00b6 to remote] DEBUG org.asynchttpclient.netty.request.NettyRequestSender - Using pooled Channel '[id: 0x6b290392, L:/127.0.0.1:53678 - R:localhost/127.0.0.1:53287]' for 'POST' to 'http://localhost:53287/session/b54cee2aa7ae83da144e2eb0dc8a00b6/element'
00:17:09.369 [Forwarding findElement on session b54cee2aa7ae83da144e2eb0dc8a00b6 to remote] DEBUG org.asynchttpclient.netty.request.NettyRequestSender - Using open Channel [id: 0x6b290392, L:/127.0.0.1:53678 - R:localhost/127.0.0.1:53287] for POST '/session/b54cee2aa7ae83da144e2eb0dc8a00b6/element'
00:17:09.384 [AsyncHttpClient-1-5] DEBUG org.asynchttpclient.netty.handler.HttpHandler - 

Request DefaultHttpRequest(decodeResult: success, version: HTTP/1.1)
POST /session/b54cee2aa7ae83da144e2eb0dc8a00b6/element HTTP/1.1
User-Agent: selenium/4.0.0 (java windows)
Content-Length: 89
Content-Type: application/json; charset=utf-8
host: localhost:53287
accept: */*

Response DefaultHttpResponse(decodeResult: success, version: HTTP/1.1)
HTTP/1.1 200 OK
Content-Type: application/json; charset=utf-8
cache-control: no-cache
content-length: 88

00:17:09.384 [AsyncHttpClient-1-5] DEBUG org.asynchttpclient.netty.channel.ChannelManager - Adding key: http://localhost:53287 for channel [id: 0x6b290392, L:/127.0.0.1:53678 - R:localhost/127.0.0.1:53287]
00:17:09.384 [Forwarding getElementText on session b54cee2aa7ae83da144e2eb0dc8a00b6 to remote] DEBUG org.asynchttpclient.netty.request.NettyRequestSender - Using pooled Channel '[id: 0x6b290392, L:/127.0.0.1:53678 - R:localhost/127.0.0.1:53287]' for 'GET' to 'http://localhost:53287/session/b54cee2aa7ae83da144e2eb0dc8a00b6/element/a7677da0-017e-41f8-8726-06fd6886ad52/text'
00:17:09.384 [Forwarding getElementText on session b54cee2aa7ae83da144e2eb0dc8a00b6 to remote] DEBUG org.asynchttpclient.netty.request.NettyRequestSender - Using open Channel [id: 0x6b290392, L:/127.0.0.1:53678 - R:localhost/127.0.0.1:53287] for GET '/session/b54cee2aa7ae83da144e2eb0dc8a00b6/element/a7677da0-017e-41f8-8726-06fd6886ad52/text'
00:17:09.397 [AsyncHttpClient-1-5] DEBUG org.asynchttpclient.netty.handler.HttpHandler - 

Request DefaultFullHttpRequest(decodeResult: success, version: HTTP/1.1, content: EmptyByteBufBE)
GET /session/b54cee2aa7ae83da144e2eb0dc8a00b6/element/a7677da0-017e-41f8-8726-06fd6886ad52/text HTTP/1.1
User-Agent: selenium/4.0.0 (java windows)
Cache-Control: no-cache
Content-Type: application/json; charset=utf-8
host: localhost:53287
accept: */*

Response DefaultHttpResponse(decodeResult: success, version: HTTP/1.1)
HTTP/1.1 200 OK
Content-Type: application/json; charset=utf-8
cache-control: no-cache
content-length: 26

00:17:09.398 [AsyncHttpClient-1-5] DEBUG org.asynchttpclient.netty.channel.ChannelManager - Adding key: http://localhost:53287 for channel [id: 0x6b290392, L:/127.0.0.1:53678 - R:localhost/127.0.0.1:53287]
]]></system-out>
    <system-err><![CDATA[Starting ChromeDriver 99.0.4844.51 (d537ec02474b5afe23684e7963d538896c63ac77-refs/branch-heads/4844@{#875}) on port 53287
Only local connections are allowed.
Please see https://chromedriver.chromium.org/security-considerations for suggestions on keeping ChromeDriver safe.
ChromeDriver was started successfully.
мар. 14, 2022 12:16:49 AM org.openqa.selenium.remote.ProtocolHandshake createSession
INFO: Detected dialect: W3C
мар. 14, 2022 12:16:49 AM org.openqa.selenium.devtools.CdpVersionFinder findNearestMatch
WARNING: Unable to find an exact match for CDP version 99, so returning the closest version found: 95
мар. 14, 2022 12:16:49 AM org.openqa.selenium.devtools.CdpVersionFinder findNearestMatch
INFO: Found CDP implementation for version 99 of 95
]]></system-err>
  </testcase>
</testsuite>