<?xml version="1.0" encoding="UTF-8"?>
<testsuite xmlns:xsi="http://www.w3.org/2001/XMLSchema-instance" xsi:noNamespaceSchemaLocation="https://maven.apache.org/surefire/maven-surefire-plugin/xsd/surefire-test-report-3.0.xsd" version="3.0" name="org.example.TriangleTest" time="0.188" tests="4" errors="0" skipped="0" failures="0">
  <properties>
[...]
</properties>
  <testcase name="testException1" classname="org.example.TriangleTest" time="0.029">
    <system-out><![CDATA[01:47:20,079 |-INFO in ch.qos.logback.classic.LoggerContext[default] - Could NOT find resource [logback-test.xml]
01:47:20,079 |-INFO in ch.qos.logback.classic.LoggerContext[default] - Could NOT find resource [logback.groovy]
01:47:20,079 |-INFO in ch.qos.logback.classic.LoggerContext[default] - Found resource [logback.xml] at [file:/C:/Users/Anast/OneDrive/%D0%A0%D0%B0%D0%B1%D0%BE%D1%87%D0%B8%D0%B9%20%D1%81%D1%82%D0%BE%D0%BB/GB/%D0%90%D0%B2%D1%82%D0%BE%D0%BC%D0%B0%D1%82%D0%B8%D0%B7%D0%B0%D1%86%D0%B8%D1%8F%20%D1%82%D0%B5%D1%81%D1%82%D0%B8%D1%80%D0%BE%D0%B2%D0%B0%D0%BD%D0%B8%D1%8F%20Web%20UI%20%D0%BD%D0%B0%20Java/HomeWork4/target/test-classes/logback.xml]
01:47:20,151 |-INFO in ch.qos.logback.classic.joran.action.ConfigurationAction - debug attribute not set
01:47:20,151 |-INFO in ch.qos.logback.core.joran.action.AppenderAction - About to instantiate appender of type [ch.qos.logback.core.ConsoleAppender]
01:47:20,161 |-INFO in ch.qos.logback.core.joran.action.AppenderAction - Naming appender as [CONSOLE]
01:47:20,189 |-WARN in ch.qos.logback.core.ConsoleAppender[CONSOLE] - This appender no longer admits a layout as a sub-component, set an encoder instead.
01:47:20,189 |-WARN in ch.qos.logback.core.ConsoleAppender[CONSOLE] - To ensure compatibility, wrapping your layout in LayoutWrappingEncoder.
01:47:20,189 |-WARN in ch.qos.logback.core.ConsoleAppender[CONSOLE] - See also http://logback.qos.ch/codes.html#layoutInsteadOfEncoder for details
01:47:20,189 |-INFO in ch.qos.logback.classic.joran.action.RootLoggerAction - Setting level of ROOT logger to INFO
01:47:20,189 |-INFO in ch.qos.logback.core.joran.action.AppenderRefAction - Attaching appender named [CONSOLE] to Logger[ROOT]
01:47:20,191 |-INFO in ch.qos.logback.classic.joran.action.ConfigurationAction - End of configuration.
01:47:20,191 |-INFO in ch.qos.logback.classic.joran.JoranConfigurator@65f095f8 - Registering current configuration as safe fallback point

01:47:20.212 [main]  INFO  org.example.TriangleTest - Запускаем Тест2
]]></system-out>
  </testcase>
  <testcase name="testException2" classname="org.example.TriangleTest" time="0">
    <system-out><![CDATA[01:47:20.222 [main]  INFO  org.example.TriangleTest - Запускаем Тест3
]]></system-out>
  </testcase>
  <testcase name="testException3" classname="org.example.TriangleTest" time="0">
    <system-out><![CDATA[01:47:20.222 [main]  INFO  org.example.TriangleTest - Запускаем Тест4
]]></system-out>
  </testcase>
  <testcase name="test1AreaofTriangle" classname="org.example.TriangleTest" time="0">
    <system-out><![CDATA[01:47:20.222 [main]  INFO  org.example.TriangleTest - Запускаем Тест1
]]></system-out>
  </testcase>
</testsuite>